<?xml version="1.0" encoding="UTF-8"?>
<testng-results ignored="0" total="1" passed="1" failed="0" skipped="0">
  <reporter-output>
  </reporter-output>
  <suite started-at="2022-03-14T16:20:34 IST" name="Default suite" finished-at="2022-03-14T16:20:34 IST" duration-ms="67">
    <groups>
    </groups>
    <test started-at="2022-03-14T16:20:34 IST" name="Default test" finished-at="2022-03-14T16:20:34 IST" duration-ms="67">
      <class name="createContactTest.ReadDataTest">
        <test-method signature="readdatatest()[pri:0, instance:createContactTest.ReadDataTest@59af0466]" started-at="2022-03-14T16:20:34 IST" name="readdatatest" finished-at="2022-03-14T16:20:34 IST" duration-ms="11" status="PASS">
          <reporter-output>
          </reporter-output>
        </test-method> <!-- readdatatest -->
      </class> <!-- createContactTest.ReadDataTest -->
    </test> <!-- Default test -->
  </suite> <!-- Default suite -->
</testng-results>
